<?xml version="1.0" encoding="UTF-8"?>
<!-- Generated by org.testng.reporters.JUnitReportReporter -->
<testsuite skipped="0" hostname="LAPTOP-5VPLT75S" name="com.cases.GetTest" tests="5" failures="0" timestamp="2020-08-25T21:30:31 GST" time="0.090" errors="0">
  <testcase name="test01" time="0.007" classname="com.cases.GetTest"/>
  <system-out/>
  <testcase name="test" time="0.041" classname="com.cases.GetTest"/>
  <system-out/>
  <testcase name="getCookies" time="0.033" classname="com.cases.GetTest"/>
  <system-out/>
  <testcase name="setCookies" time="0.003" classname="com.cases.GetTest"/>
  <system-out/>
  <testcase name="test02" time="0.006" classname="com.cases.GetTest"/>
  <system-out/>
</testsuite> <!-- com.cases.GetTest -->
