<?xml version="1.0" encoding="UTF-8" ?>
<testsuite tests="1" failures="0" name="com.imooc.GetDemoTest" time="0.017" errors="1" skipped="0">
  <properties>
    <property name="java.runtime.name" value="Java(TM) SE Runtime Environment"/>
    <property name="sun.boot.library.path" value="C:\Program Files\Java\jdk1.8.0_202\jre\bin"/>
    <property name="java.vm.version" value="25.202-b08"/>
    <property name="java.vm.vendor" value="Oracle Corporation"/>
    <property name="maven.multiModuleProjectDirectory" value="C:/Users/ASUS/JmeterTest/imooctest"/>
    <property name="java.vendor.url" value="http://java.oracle.com/"/>
    <property name="path.separator" value=";"/>
    <property name="guice.disable.misplaced.annotation.check" value="true"/>
    <property name="java.vm.name" value="Java HotSpot(TM) 64-Bit Server VM"/>
    <property name="file.encoding.pkg" value="sun.io"/>
    <property name="user.script" value=""/>
    <property name="user.country" value="CN"/>
    <property name="sun.java.launcher" value="SUN_STANDARD"/>
    <property name="sun.os.patch.level" value=""/>
    <property name="java.vm.specification.name" value="Java Virtual Machine Specification"/>
    <property name="user.dir" value="C:\Users\ASUS\JmeterTest\imooctest"/>
    <property name="java.runtime.version" value="1.8.0_202-b08"/>
    <property name="java.awt.graphicsenv" value="sun.awt.Win32GraphicsEnvironment"/>
    <property name="java.endorsed.dirs" value="C:\Program Files\Java\jdk1.8.0_202\jre\lib\endorsed"/>
    <property name="os.arch" value="amd64"/>
    <property name="java.io.tmpdir" value="C:\Users\ASUS\AppData\Local\Temp\"/>
    <property name="line.separator" value="
"/>
    <property name="java.vm.specification.vendor" value="Oracle Corporation"/>
    <property name="user.variant" value=""/>
    <property name="os.name" value="Windows 10"/>
    <property name="classworlds.conf" value="C:/Users/ASUS/Downloads/apache-maven-3.6.2/bin/m2.conf"/>
    <property name="sun.jnu.encoding" value="GBK"/>
    <property name="java.library.path" value="C:\Program Files\Java\jdk1.8.0_202\bin;C:\WINDOWS\Sun\Java\bin;C:\WINDOWS\system32;C:\WINDOWS;C:\Program Files\Git\mingw64\bin;C:\Program Files\Git\usr\bin;C:\Users\ASUS\bin;C:\ProgramData\Oracle\Java\javapath;C:\Program Files (x86)\Common Files\Oracle\Java\javapath;C:\Program Files (x86)\NetSarang\Xshell 6;C:\Program Files (x86)\Intel\Intel(R) Management Engine Components\iCLS;C:\Program Files\Intel\Intel(R) Management Engine Components\iCLS;C:\Windows\system32;C:\Windows;C:\Windows\System32\Wbem;C:\Windows\System32\WindowsPowerShell\v1.0;C:\Windows\System32\OpenSSH;C:\Program Files (x86)\NVIDIA Corporation\PhysX\Common;C:\Program Files (x86)\Intel\Intel(R) Management Engine Components\DAL;C:\Program Files\Intel\Intel(R) Management Engine Components\DAL;C:\Program Files (x86)\Intel\Intel(R) Management Engine Components\IPT;C:\Program Files\Intel\Intel(R) Management Engine Components\IPT;C:\Program Files\Intel\WiFi\bin;C:\Program Files\Common Files\Intel\WirelessCommon;C:\Program Files\Java\jdk1.8.0_202\bi;C:\Program Files\Java\jdk1.8.0_202\jre\bin;.;C:\Users\ASUS\Downloads\apache-maven-3.6.2\bin;C:\Program Files\Git\cmd;C:\Program Files\MySQL\MySQL Server 5.7\bin;C:\Users\ASUS\Downloads\apache-jmeter-5.2\bin;C:\WINDOWS\system32;C:\WINDOWS;C:\WINDOWS\System32\Wbem;C:\WINDOWS\System32\WindowsPowerShell\v1.0;C:\WINDOWS\System32\OpenSSH;C:\Users\ASUS\Downloads\android-sdk-windows\tools;C:\Users\ASUS\Downloads\android-sdk-windows\platform-tools;C:\Program Files\nodejs;C:\Users\ASUS\Downloads\android-sdk-windows\build-tools\29.0.2;C:\Program Files (x86)\Windows Kits\8.1\Windows Performance Toolkit;C:\Go\bin;C:\Users\ASUS\Downloads\allure-2.13.2\bin;C:\Users\ASUS\AppData\Local\Programs\Python\Python38\Scripts;C:\Users\ASUS\AppData\Local\Programs\Python\Python38;C:\Users\ASUS\AppData\Local\Microsoft\WindowsApps;C:\Program Files\JetBrains\IntelliJ IDEA 2019.2.4\bin;C:\Program Files\JetBrains\IntelliJ IDEA 2019.2.4\plugins\maven\lib\maven3\bin;C:\Users\ASUS\AppData\Local\Microsoft\WindowsApps;C:\Program Files\JetBrains\DataGrip 2019.2.6\bin;C:\Program Files\JetBrains\PyCharm 2019.2.4\bin;C:\Program Files\JetBrains\PyCharm Community Edition 2019.3.1\bin;C:\Users\ASUS\AppData\Roaming\npm;C:\Program Files\JetBrains\IntelliJ IDEA 2019.2.4\bin;C:\Program Files\JetBrains\IntelliJ IDEA Community Edition 2019.3.1\bin;C:\Program Files\JetBrains\WebStorm 2019.3.1\bin;C:\Users\ASUS\AppData\Local\Programs\Fiddler;C:\Program Files\JetBrains\PyCharm 2019.3.1\bin;C:\Program Files\JetBrains\IntelliJ IDEA 2019.2.4\bin;C:\Users\ASUS\go\bin;C:\Program Files\JetBrains\GoLand 2019.3.3\bin;C:\Program Files\JetBrains\WebStorm 2019.3.1\bin;C:\Program Files\JetBrains\PyCharm Community Edition 2019.3.1\bin;."/>
    <property name="maven.conf" value="C:/Users/ASUS/Downloads/apache-maven-3.6.2/conf"/>
    <property name="java.specification.name" value="Java Platform API Specification"/>
    <property name="java.class.version" value="52.0"/>
    <property name="sun.management.compiler" value="HotSpot 64-Bit Tiered Compilers"/>
    <property name="os.version" value="10.0"/>
    <property name="library.jansi.path" value="C:/Users/ASUS/Downloads/apache-maven-3.6.2/lib/jansi-native"/>
    <property name="user.home" value="C:\Users\ASUS"/>
    <property name="user.timezone" value="Asia/Shanghai"/>
    <property name="java.awt.printerjob" value="sun.awt.windows.WPrinterJob"/>
    <property name="java.specification.version" value="1.8"/>
    <property name="file.encoding" value="GBK"/>
    <property name="user.name" value="ASUS"/>
    <property name="java.class.path" value="C:/Users/ASUS/Downloads/apache-maven-3.6.2/boot/plexus-classworlds-2.6.0.jar"/>
    <property name="java.vm.specification.version" value="1.8"/>
    <property name="sun.arch.data.model" value="64"/>
    <property name="java.home" value="C:\Program Files\Java\jdk1.8.0_202\jre"/>
    <property name="sun.java.command" value="org.codehaus.plexus.classworlds.launcher.Launcher clean package"/>
    <property name="java.specification.vendor" value="Oracle Corporation"/>
    <property name="user.language" value="zh"/>
    <property name="awt.toolkit" value="sun.awt.windows.WToolkit"/>
    <property name="java.vm.info" value="mixed mode"/>
    <property name="java.version" value="1.8.0_202"/>
    <property name="java.ext.dirs" value="C:\Program Files\Java\jdk1.8.0_202\jre\lib\ext;C:\WINDOWS\Sun\Java\lib\ext"/>
    <property name="sun.boot.class.path" value="C:\Program Files\Java\jdk1.8.0_202\jre\lib\resources.jar;C:\Program Files\Java\jdk1.8.0_202\jre\lib\rt.jar;C:\Program Files\Java\jdk1.8.0_202\jre\lib\sunrsasign.jar;C:\Program Files\Java\jdk1.8.0_202\jre\lib\jsse.jar;C:\Program Files\Java\jdk1.8.0_202\jre\lib\jce.jar;C:\Program Files\Java\jdk1.8.0_202\jre\lib\charsets.jar;C:\Program Files\Java\jdk1.8.0_202\jre\lib\jfr.jar;C:\Program Files\Java\jdk1.8.0_202\jre\classes"/>
    <property name="sun.stderr.encoding" value="ms936"/>
    <property name="java.vendor" value="Oracle Corporation"/>
    <property name="maven.home" value="C:\Users\ASUS\Downloads\apache-maven-3.6.2"/>
    <property name="file.separator" value="\"/>
    <property name="java.vendor.url.bug" value="http://bugreport.sun.com/bugreport/"/>
    <property name="sun.cpu.endian" value="little"/>
    <property name="sun.io.unicode.encoding" value="UnicodeLittle"/>
    <property name="sun.stdout.encoding" value="ms936"/>
    <property name="sun.desktop" value="windows"/>
    <property name="sun.cpu.isalist" value="amd64"/>
  </properties>
  <testcase classname="com.imooc.GetDemoTest" name="getInfo" time="0.017">
    <error type="java.lang.StackOverflowError">java.lang.StackOverflowError
	at com.imooc.GetDemoTest.getInfo(GetDemoTest.java:12)
	at com.imooc.GetDemoTest.getInfo(GetDemoTest.java:12)
	at com.imooc.GetDemoTest.getInfo(GetDemoTest.java:12)
	at com.imooc.GetDemoTest.getInfo(GetDemoTest.java:12)
	at com.imooc.GetDemoTest.getInfo(GetDemoTest.java:12)
	at com.imooc.GetDemoTest.getInfo(GetDemoTest.java:12)
	at com.imooc.GetDemoTest.getInfo(GetDemoTest.java:12)
	at com.imooc.GetDemoTest.getInfo(GetDemoTest.java:12)
	at com.imooc.GetDemoTest.getInfo(GetDemoTest.java:12)
	at com.imooc.GetDemoTest.getInfo(GetDemoTest.java:12)
	at com.imooc.GetDemoTest.getInfo(GetDemoTest.java:12)
	at com.imooc.GetDemoTest.getInfo(GetDemoTest.java:12)
	at com.imooc.GetDemoTest.getInfo(GetDemoTest.java:12)
	at com.imooc.GetDemoTest.getInfo(GetDemoTest.java:12)
	at com.imooc.GetDemoTest.getInfo(GetDemoTest.java:12)
	at com.imooc.GetDemoTest.getInfo(GetDemoTest.java:12)
	at com.imooc.GetDemoTest.getInfo(GetDemoTest.java:12)
	at com.imooc.GetDemoTest.getInfo(GetDemoTest.java:12)
	at com.imooc.GetDemoTest.getInfo(GetDemoTest.java:12)
	at com.imooc.GetDemoTest.getInfo(GetDemoTest.java:12)
	at com.imooc.GetDemoTest.getInfo(GetDemoTest.java:12)
	at com.imooc.GetDemoTest.getInfo(GetDemoTest.java:12)
	at com.imooc.GetDemoTest.getInfo(GetDemoTest.java:12)
	at com.imooc.GetDemoTest.getInfo(GetDemoTest.java:12)
	at com.imooc.GetDemoTest.getInfo(GetDemoTest.java:12)
	at com.imooc.GetDemoTest.getInfo(GetDemoTest.java:12)
	at com.imooc.GetDemoTest.getInfo(GetDemoTest.java:12)
	at com.imooc.GetDemoTest.getInfo(GetDemoTest.java:12)
	at com.imooc.GetDemoTest.getInfo(GetDemoTest.java:12)
	at com.imooc.GetDemoTest.getInfo(GetDemoTest.java:12)
	at com.imooc.GetDemoTest.getInfo(GetDemoTest.java:12)
	at com.imooc.GetDemoTest.getInfo(GetDemoTest.java:12)
	at com.imooc.GetDemoTest.getInfo(GetDemoTest.java:12)
	at com.imooc.GetDemoTest.getInfo(GetDemoTest.java:12)
	at com.imooc.GetDemoTest.getInfo(GetDemoTest.java:12)
	at com.imooc.GetDemoTest.getInfo(GetDemoTest.java:12)
	at com.imooc.GetDemoTest.getInfo(GetDemoTest.java:12)
	at com.imooc.GetDemoTest.getInfo(GetDemoTest.java:12)
	at com.imooc.GetDemoTest.getInfo(GetDemoTest.java:12)
	at com.imooc.GetDemoTest.getInfo(GetDemoTest.java:12)
	at com.imooc.GetDemoTest.getInfo(GetDemoTest.java:12)
	at com.imooc.GetDemoTest.getInfo(GetDemoTest.java:12)
	at com.imooc.GetDemoTest.getInfo(GetDemoTest.java:12)
	at com.imooc.GetDemoTest.getInfo(GetDemoTest.java:12)
	at com.imooc.GetDemoTest.getInfo(GetDemoTest.java:12)
	at com.imooc.GetDemoTest.getInfo(GetDemoTest.java:12)
	at com.imooc.GetDemoTest.getInfo(GetDemoTest.java:12)
	at com.imooc.GetDemoTest.getInfo(GetDemoTest.java:12)
	at com.imooc.GetDemoTest.getInfo(GetDemoTest.java:12)
	at com.imooc.GetDemoTest.getInfo(GetDemoTest.java:12)
	at com.imooc.GetDemoTest.getInfo(GetDemoTest.java:12)
	at com.imooc.GetDemoTest.getInfo(GetDemoTest.java:12)
	at com.imooc.GetDemoTest.getInfo(GetDemoTest.java:12)
	at com.imooc.GetDemoTest.getInfo(GetDemoTest.java:12)
	at com.imooc.GetDemoTest.getInfo(GetDemoTest.java:12)
	at com.imooc.GetDemoTest.getInfo(GetDemoTest.java:12)
	at com.imooc.GetDemoTest.getInfo(GetDemoTest.java:12)
	at com.imooc.GetDemoTest.getInfo(GetDemoTest.java:12)
	at com.imooc.GetDemoTest.getInfo(GetDemoTest.java:12)
	at com.imooc.GetDemoTest.getInfo(GetDemoTest.java:12)
	at com.imooc.GetDemoTest.getInfo(GetDemoTest.java:12)
	at com.imooc.GetDemoTest.getInfo(GetDemoTest.java:12)
	at com.imooc.GetDemoTest.getInfo(GetDemoTest.java:12)
	at com.imooc.GetDemoTest.getInfo(GetDemoTest.java:12)
	at com.imooc.GetDemoTest.getInfo(GetDemoTest.java:12)
	at com.imooc.GetDemoTest.getInfo(GetDemoTest.java:12)
	at com.imooc.GetDemoTest.getInfo(GetDemoTest.java:12)
	at com.imooc.GetDemoTest.getInfo(GetDemoTest.java:12)
	at com.imooc.GetDemoTest.getInfo(GetDemoTest.java:12)
	at com.imooc.GetDemoTest.getInfo(GetDemoTest.java:12)
	at com.imooc.GetDemoTest.getInfo(GetDemoTest.java:12)
	at com.imooc.GetDemoTest.getInfo(GetDemoTest.java:12)
	at com.imooc.GetDemoTest.getInfo(GetDemoTest.java:12)
	at com.imooc.GetDemoTest.getInfo(GetDemoTest.java:12)
	at com.imooc.GetDemoTest.getInfo(GetDemoTest.java:12)
	at com.imooc.GetDemoTest.getInfo(GetDemoTest.java:12)
	at com.imooc.GetDemoTest.getInfo(GetDemoTest.java:12)
	at com.imooc.GetDemoTest.getInfo(GetDemoTest.java:12)
	at com.imooc.GetDemoTest.getInfo(GetDemoTest.java:12)
	at com.imooc.GetDemoTest.getInfo(GetDemoTest.java:12)
	at com.imooc.GetDemoTest.getInfo(GetDemoTest.java:12)
	at com.imooc.GetDemoTest.getInfo(GetDemoTest.java:12)
	at com.imooc.GetDemoTest.getInfo(GetDemoTest.java:12)
	at com.imooc.GetDemoTest.getInfo(GetDemoTest.java:12)
	at com.imooc.GetDemoTest.getInfo(GetDemoTest.java:12)
	at com.imooc.GetDemoTest.getInfo(GetDemoTest.java:12)
	at com.imooc.GetDemoTest.getInfo(GetDemoTest.java:12)
	at com.imooc.GetDemoTest.getInfo(GetDemoTest.java:12)
	at com.imooc.GetDemoTest.getInfo(GetDemoTest.java:12)
	at com.imooc.GetDemoTest.getInfo(GetDemoTest.java:12)
	at com.imooc.GetDemoTest.getInfo(GetDemoTest.java:12)
	at com.imooc.GetDemoTest.getInfo(GetDemoTest.java:12)
	at com.imooc.GetDemoTest.getInfo(GetDemoTest.java:12)
	at com.imooc.GetDemoTest.getInfo(GetDemoTest.java:12)
	at com.imooc.GetDemoTest.getInfo(GetDemoTest.java:12)
	at com.imooc.GetDemoTest.getInfo(GetDemoTest.java:12)
	at com.imooc.GetDemoTest.getInfo(GetDemoTest.java:12)
	at com.imooc.GetDemoTest.getInfo(GetDemoTest.java:12)
	at com.imooc.GetDemoTest.getInfo(GetDemoTest.java:12)
	at com.imooc.GetDemoTest.getInfo(GetDemoTest.java:12)
	at com.imooc.GetDemoTest.getInfo(GetDemoTest.java:12)
	at com.imooc.GetDemoTest.getInfo(GetDemoTest.java:12)
	at com.imooc.GetDemoTest.getInfo(GetDemoTest.java:12)
	at com.imooc.GetDemoTest.getInfo(GetDemoTest.java:12)
	at com.imooc.GetDemoTest.getInfo(GetDemoTest.java:12)
	at com.imooc.GetDemoTest.getInfo(GetDemoTest.java:12)
	at com.imooc.GetDemoTest.getInfo(GetDemoTest.java:12)
	at com.imooc.GetDemoTest.getInfo(GetDemoTest.java:12)
	at com.imooc.GetDemoTest.getInfo(GetDemoTest.java:12)
	at com.imooc.GetDemoTest.getInfo(GetDemoTest.java:12)
	at com.imooc.GetDemoTest.getInfo(GetDemoTest.java:12)
	at com.imooc.GetDemoTest.getInfo(GetDemoTest.java:12)
	at com.imooc.GetDemoTest.getInfo(GetDemoTest.java:12)
	at com.imooc.GetDemoTest.getInfo(GetDemoTest.java:12)
	at com.imooc.GetDemoTest.getInfo(GetDemoTest.java:12)
	at com.imooc.GetDemoTest.getInfo(GetDemoTest.java:12)
	at com.imooc.GetDemoTest.getInfo(GetDemoTest.java:12)
	at com.imooc.GetDemoTest.getInfo(GetDemoTest.java:12)
	at com.imooc.GetDemoTest.getInfo(GetDemoTest.java:12)
	at com.imooc.GetDemoTest.getInfo(GetDemoTest.java:12)
	at com.imooc.GetDemoTest.getInfo(GetDemoTest.java:12)
	at com.imooc.GetDemoTest.getInfo(GetDemoTest.java:12)
	at com.imooc.GetDemoTest.getInfo(GetDemoTest.java:12)
	at com.imooc.GetDemoTest.getInfo(GetDemoTest.java:12)
	at com.imooc.GetDemoTest.getInfo(GetDemoTest.java:12)
	at com.imooc.GetDemoTest.getInfo(GetDemoTest.java:12)
	at com.imooc.GetDemoTest.getInfo(GetDemoTest.java:12)
	at com.imooc.GetDemoTest.getInfo(GetDemoTest.java:12)
	at com.imooc.GetDemoTest.getInfo(GetDemoTest.java:12)
	at com.imooc.GetDemoTest.getInfo(GetDemoTest.java:12)
	at com.imooc.GetDemoTest.getInfo(GetDemoTest.java:12)
	at com.imooc.GetDemoTest.getInfo(GetDemoTest.java:12)
	at com.imooc.GetDemoTest.getInfo(GetDemoTest.java:12)
	at com.imooc.GetDemoTest.getInfo(GetDemoTest.java:12)
	at com.imooc.GetDemoTest.getInfo(GetDemoTest.java:12)
	at com.imooc.GetDemoTest.getInfo(GetDemoTest.java:12)
	at com.imooc.GetDemoTest.getInfo(GetDemoTest.java:12)
	at com.imooc.GetDemoTest.getInfo(GetDemoTest.java:12)
	at com.imooc.GetDemoTest.getInfo(GetDemoTest.java:12)
	at com.imooc.GetDemoTest.getInfo(GetDemoTest.java:12)
	at com.imooc.GetDemoTest.getInfo(GetDemoTest.java:12)
	at com.imooc.GetDemoTest.getInfo(GetDemoTest.java:12)
	at com.imooc.GetDemoTest.getInfo(GetDemoTest.java:12)
	at com.imooc.GetDemoTest.getInfo(GetDemoTest.java:12)
	at com.imooc.GetDemoTest.getInfo(GetDemoTest.java:12)
	at com.imooc.GetDemoTest.getInfo(GetDemoTest.java:12)
	at com.imooc.GetDemoTest.getInfo(GetDemoTest.java:12)
	at com.imooc.GetDemoTest.getInfo(GetDemoTest.java:12)
	at com.imooc.GetDemoTest.getInfo(GetDemoTest.java:12)
	at com.imooc.GetDemoTest.getInfo(GetDemoTest.java:12)
	at com.imooc.GetDemoTest.getInfo(GetDemoTest.java:12)
	at com.imooc.GetDemoTest.getInfo(GetDemoTest.java:12)
	at com.imooc.GetDemoTest.getInfo(GetDemoTest.java:12)
	at com.imooc.GetDemoTest.getInfo(GetDemoTest.java:12)
	at com.imooc.GetDemoTest.getInfo(GetDemoTest.java:12)
	at com.imooc.GetDemoTest.getInfo(GetDemoTest.java:12)
	at com.imooc.GetDemoTest.getInfo(GetDemoTest.java:12)
	at com.imooc.GetDemoTest.getInfo(GetDemoTest.java:12)
	at com.imooc.GetDemoTest.getInfo(GetDemoTest.java:12)
	at com.imooc.GetDemoTest.getInfo(GetDemoTest.java:12)
	at com.imooc.GetDemoTest.getInfo(GetDemoTest.java:12)
	at com.imooc.GetDemoTest.getInfo(GetDemoTest.java:12)
	at com.imooc.GetDemoTest.getInfo(GetDemoTest.java:12)
	at com.imooc.GetDemoTest.getInfo(GetDemoTest.java:12)
	at com.imooc.GetDemoTest.getInfo(GetDemoTest.java:12)
	at com.imooc.GetDemoTest.getInfo(GetDemoTest.java:12)
	at com.imooc.GetDemoTest.getInfo(GetDemoTest.java:12)
	at com.imooc.GetDemoTest.getInfo(GetDemoTest.java:12)
	at com.imooc.GetDemoTest.getInfo(GetDemoTest.java:12)
	at com.imooc.GetDemoTest.getInfo(GetDemoTest.java:12)
	at com.imooc.GetDemoTest.getInfo(GetDemoTest.java:12)
	at com.imooc.GetDemoTest.getInfo(GetDemoTest.java:12)
	at com.imooc.GetDemoTest.getInfo(GetDemoTest.java:12)
	at com.imooc.GetDemoTest.getInfo(GetDemoTest.java:12)
	at com.imooc.GetDemoTest.getInfo(GetDemoTest.java:12)
	at com.imooc.GetDemoTest.getInfo(GetDemoTest.java:12)
	at com.imooc.GetDemoTest.getInfo(GetDemoTest.java:12)
	at com.imooc.GetDemoTest.getInfo(GetDemoTest.java:12)
	at com.imooc.GetDemoTest.getInfo(GetDemoTest.java:12)
	at com.imooc.GetDemoTest.getInfo(GetDemoTest.java:12)
	at com.imooc.GetDemoTest.getInfo(GetDemoTest.java:12)
	at com.imooc.GetDemoTest.getInfo(GetDemoTest.java:12)
	at com.imooc.GetDemoTest.getInfo(GetDemoTest.java:12)
	at com.imooc.GetDemoTest.getInfo(GetDemoTest.java:12)
	at com.imooc.GetDemoTest.getInfo(GetDemoTest.java:12)
	at com.imooc.GetDemoTest.getInfo(GetDemoTest.java:12)
	at com.imooc.GetDemoTest.getInfo(GetDemoTest.java:12)
	at com.imooc.GetDemoTest.getInfo(GetDemoTest.java:12)
	at com.imooc.GetDemoTest.getInfo(GetDemoTest.java:12)
	at com.imooc.GetDemoTest.getInfo(GetDemoTest.java:12)
	at com.imooc.GetDemoTest.getInfo(GetDemoTest.java:12)
	at com.imooc.GetDemoTest.getInfo(GetDemoTest.java:12)
	at com.imooc.GetDemoTest.getInfo(GetDemoTest.java:12)
	at com.imooc.GetDemoTest.getInfo(GetDemoTest.java:12)
	at com.imooc.GetDemoTest.getInfo(GetDemoTest.java:12)
	at com.imooc.GetDemoTest.getInfo(GetDemoTest.java:12)
	at com.imooc.GetDemoTest.getInfo(GetDemoTest.java:12)
	at com.imooc.GetDemoTest.getInfo(GetDemoTest.java:12)
	at com.imooc.GetDemoTest.getInfo(GetDemoTest.java:12)
	at com.imooc.GetDemoTest.getInfo(GetDemoTest.java:12)
	at com.imooc.GetDemoTest.getInfo(GetDemoTest.java:12)
	at com.imooc.GetDemoTest.getInfo(GetDemoTest.java:12)
	at com.imooc.GetDemoTest.getInfo(GetDemoTest.java:12)
	at com.imooc.GetDemoTest.getInfo(GetDemoTest.java:12)
	at com.imooc.GetDemoTest.getInfo(GetDemoTest.java:12)
	at com.imooc.GetDemoTest.getInfo(GetDemoTest.java:12)
	at com.imooc.GetDemoTest.getInfo(GetDemoTest.java:12)
	at com.imooc.GetDemoTest.getInfo(GetDemoTest.java:12)
	at com.imooc.GetDemoTest.getInfo(GetDemoTest.java:12)
	at com.imooc.GetDemoTest.getInfo(GetDemoTest.java:12)
	at com.imooc.GetDemoTest.getInfo(GetDemoTest.java:12)
	at com.imooc.GetDemoTest.getInfo(GetDemoTest.java:12)
	at com.imooc.GetDemoTest.getInfo(GetDemoTest.java:12)
	at com.imooc.GetDemoTest.getInfo(GetDemoTest.java:12)
	at com.imooc.GetDemoTest.getInfo(GetDemoTest.java:12)
	at com.imooc.GetDemoTest.getInfo(GetDemoTest.java:12)
	at com.imooc.GetDemoTest.getInfo(GetDemoTest.java:12)
	at com.imooc.GetDemoTest.getInfo(GetDemoTest.java:12)
	at com.imooc.GetDemoTest.getInfo(GetDemoTest.java:12)
	at com.imooc.GetDemoTest.getInfo(GetDemoTest.java:12)
	at com.imooc.GetDemoTest.getInfo(GetDemoTest.java:12)
	at com.imooc.GetDemoTest.getInfo(GetDemoTest.java:12)
	at com.imooc.GetDemoTest.getInfo(GetDemoTest.java:12)
	at com.imooc.GetDemoTest.getInfo(GetDemoTest.java:12)
	at com.imooc.GetDemoTest.getInfo(GetDemoTest.java:12)
	at com.imooc.GetDemoTest.getInfo(GetDemoTest.java:12)
	at com.imooc.GetDemoTest.getInfo(GetDemoTest.java:12)
	at com.imooc.GetDemoTest.getInfo(GetDemoTest.java:12)
	at com.imooc.GetDemoTest.getInfo(GetDemoTest.java:12)
	at com.imooc.GetDemoTest.getInfo(GetDemoTest.java:12)
	at com.imooc.GetDemoTest.getInfo(GetDemoTest.java:12)
	at com.imooc.GetDemoTest.getInfo(GetDemoTest.java:12)
	at com.imooc.GetDemoTest.getInfo(GetDemoTest.java:12)
	at com.imooc.GetDemoTest.getInfo(GetDemoTest.java:12)
	at com.imooc.GetDemoTest.getInfo(GetDemoTest.java:12)
	at com.imooc.GetDemoTest.getInfo(GetDemoTest.java:12)
	at com.imooc.GetDemoTest.getInfo(GetDemoTest.java:12)
	at com.imooc.GetDemoTest.getInfo(GetDemoTest.java:12)
	at com.imooc.GetDemoTest.getInfo(GetDemoTest.java:12)
	at com.imooc.GetDemoTest.getInfo(GetDemoTest.java:12)
	at com.imooc.GetDemoTest.getInfo(GetDemoTest.java:12)
	at com.imooc.GetDemoTest.getInfo(GetDemoTest.java:12)
	at com.imooc.GetDemoTest.getInfo(GetDemoTest.java:12)
	at com.imooc.GetDemoTest.getInfo(GetDemoTest.java:12)
	at com.imooc.GetDemoTest.getInfo(GetDemoTest.java:12)
	at com.imooc.GetDemoTest.getInfo(GetDemoTest.java:12)
	at com.imooc.GetDemoTest.getInfo(GetDemoTest.java:12)
	at com.imooc.GetDemoTest.getInfo(GetDemoTest.java:12)
	at com.imooc.GetDemoTest.getInfo(GetDemoTest.java:12)
	at com.imooc.GetDemoTest.getInfo(GetDemoTest.java:12)
	at com.imooc.GetDemoTest.getInfo(GetDemoTest.java:12)
	at com.imooc.GetDemoTest.getInfo(GetDemoTest.java:12)
	at com.imooc.GetDemoTest.getInfo(GetDemoTest.java:12)
	at com.imooc.GetDemoTest.getInfo(GetDemoTest.java:12)
	at com.imooc.GetDemoTest.getInfo(GetDemoTest.java:12)
	at com.imooc.GetDemoTest.getInfo(GetDemoTest.java:12)
	at com.imooc.GetDemoTest.getInfo(GetDemoTest.java:12)
	at com.imooc.GetDemoTest.getInfo(GetDemoTest.java:12)
	at com.imooc.GetDemoTest.getInfo(GetDemoTest.java:12)
	at com.imooc.GetDemoTest.getInfo(GetDemoTest.java:12)
	at com.imooc.GetDemoTest.getInfo(GetDemoTest.java:12)
	at com.imooc.GetDemoTest.getInfo(GetDemoTest.java:12)
	at com.imooc.GetDemoTest.getInfo(GetDemoTest.java:12)
	at com.imooc.GetDemoTest.getInfo(GetDemoTest.java:12)
	at com.imooc.GetDemoTest.getInfo(GetDemoTest.java:12)
	at com.imooc.GetDemoTest.getInfo(GetDemoTest.java:12)
	at com.imooc.GetDemoTest.getInfo(GetDemoTest.java:12)
	at com.imooc.GetDemoTest.getInfo(GetDemoTest.java:12)
	at com.imooc.GetDemoTest.getInfo(GetDemoTest.java:12)
	at com.imooc.GetDemoTest.getInfo(GetDemoTest.java:12)
	at com.imooc.GetDemoTest.getInfo(GetDemoTest.java:12)
	at com.imooc.GetDemoTest.getInfo(GetDemoTest.java:12)
	at com.imooc.GetDemoTest.getInfo(GetDemoTest.java:12)
	at com.imooc.GetDemoTest.getInfo(GetDemoTest.java:12)
	at com.imooc.GetDemoTest.getInfo(GetDemoTest.java:12)
	at com.imooc.GetDemoTest.getInfo(GetDemoTest.java:12)
	at com.imooc.GetDemoTest.getInfo(GetDemoTest.java:12)
	at com.imooc.GetDemoTest.getInfo(GetDemoTest.java:12)
	at com.imooc.GetDemoTest.getInfo(GetDemoTest.java:12)
	at com.imooc.GetDemoTest.getInfo(GetDemoTest.java:12)
	at com.imooc.GetDemoTest.getInfo(GetDemoTest.java:12)
	at com.imooc.GetDemoTest.getInfo(GetDemoTest.java:12)
	at com.imooc.GetDemoTest.getInfo(GetDemoTest.java:12)
	at com.imooc.GetDemoTest.getInfo(GetDemoTest.java:12)
	at com.imooc.GetDemoTest.getInfo(GetDemoTest.java:12)
	at com.imooc.GetDemoTest.getInfo(GetDemoTest.java:12)
	at com.imooc.GetDemoTest.getInfo(GetDemoTest.java:12)
	at com.imooc.GetDemoTest.getInfo(GetDemoTest.java:12)
	at com.imooc.GetDemoTest.getInfo(GetDemoTest.java:12)
	at com.imooc.GetDemoTest.getInfo(GetDemoTest.java:12)
	at com.imooc.GetDemoTest.getInfo(GetDemoTest.java:12)
	at com.imooc.GetDemoTest.getInfo(GetDemoTest.java:12)
	at com.imooc.GetDemoTest.getInfo(GetDemoTest.java:12)
	at com.imooc.GetDemoTest.getInfo(GetDemoTest.java:12)
	at com.imooc.GetDemoTest.getInfo(GetDemoTest.java:12)
	at com.imooc.GetDemoTest.getInfo(GetDemoTest.java:12)
	at com.imooc.GetDemoTest.getInfo(GetDemoTest.java:12)
	at com.imooc.GetDemoTest.getInfo(GetDemoTest.java:12)
	at com.imooc.GetDemoTest.getInfo(GetDemoTest.java:12)
	at com.imooc.GetDemoTest.getInfo(GetDemoTest.java:12)
	at com.imooc.GetDemoTest.getInfo(GetDemoTest.java:12)
	at com.imooc.GetDemoTest.getInfo(GetDemoTest.java:12)
	at com.imooc.GetDemoTest.getInfo(GetDemoTest.java:12)
	at com.imooc.GetDemoTest.getInfo(GetDemoTest.java:12)
	at com.imooc.GetDemoTest.getInfo(GetDemoTest.java:12)
	at com.imooc.GetDemoTest.getInfo(GetDemoTest.java:12)
	at com.imooc.GetDemoTest.getInfo(GetDemoTest.java:12)
	at com.imooc.GetDemoTest.getInfo(GetDemoTest.java:12)
	at com.imooc.GetDemoTest.getInfo(GetDemoTest.java:12)
	at com.imooc.GetDemoTest.getInfo(GetDemoTest.java:12)
	at com.imooc.GetDemoTest.getInfo(GetDemoTest.java:12)
	at com.imooc.GetDemoTest.getInfo(GetDemoTest.java:12)
	at com.imooc.GetDemoTest.getInfo(GetDemoTest.java:12)
	at com.imooc.GetDemoTest.getInfo(GetDemoTest.java:12)
	at com.imooc.GetDemoTest.getInfo(GetDemoTest.java:12)
	at com.imooc.GetDemoTest.getInfo(GetDemoTest.java:12)
	at com.imooc.GetDemoTest.getInfo(GetDemoTest.java:12)
	at com.imooc.GetDemoTest.getInfo(GetDemoTest.java:12)
	at com.imooc.GetDemoTest.getInfo(GetDemoTest.java:12)
	at com.imooc.GetDemoTest.getInfo(GetDemoTest.java:12)
	at com.imooc.GetDemoTest.getInfo(GetDemoTest.java:12)
	at com.imooc.GetDemoTest.getInfo(GetDemoTest.java:12)
	at com.imooc.GetDemoTest.getInfo(GetDemoTest.java:12)
	at com.imooc.GetDemoTest.getInfo(GetDemoTest.java:12)
	at com.imooc.GetDemoTest.getInfo(GetDemoTest.java:12)
	at com.imooc.GetDemoTest.getInfo(GetDemoTest.java:12)
	at com.imooc.GetDemoTest.getInfo(GetDemoTest.java:12)
	at com.imooc.GetDemoTest.getInfo(GetDemoTest.java:12)
	at com.imooc.GetDemoTest.getInfo(GetDemoTest.java:12)
	at com.imooc.GetDemoTest.getInfo(GetDemoTest.java:12)
	at com.imooc.GetDemoTest.getInfo(GetDemoTest.java:12)
	at com.imooc.GetDemoTest.getInfo(GetDemoTest.java:12)
	at com.imooc.GetDemoTest.getInfo(GetDemoTest.java:12)
	at com.imooc.GetDemoTest.getInfo(GetDemoTest.java:12)
	at com.imooc.GetDemoTest.getInfo(GetDemoTest.java:12)
	at com.imooc.GetDemoTest.getInfo(GetDemoTest.java:12)
	at com.imooc.GetDemoTest.getInfo(GetDemoTest.java:12)
	at com.imooc.GetDemoTest.getInfo(GetDemoTest.java:12)
	at com.imooc.GetDemoTest.getInfo(GetDemoTest.java:12)
	at com.imooc.GetDemoTest.getInfo(GetDemoTest.java:12)
	at com.imooc.GetDemoTest.getInfo(GetDemoTest.java:12)
	at com.imooc.GetDemoTest.getInfo(GetDemoTest.java:12)
	at com.imooc.GetDemoTest.getInfo(GetDemoTest.java:12)
	at com.imooc.GetDemoTest.getInfo(GetDemoTest.java:12)
	at com.imooc.GetDemoTest.getInfo(GetDemoTest.java:12)
	at com.imooc.GetDemoTest.getInfo(GetDemoTest.java:12)
	at com.imooc.GetDemoTest.getInfo(GetDemoTest.java:12)
	at com.imooc.GetDemoTest.getInfo(GetDemoTest.java:12)
	at com.imooc.GetDemoTest.getInfo(GetDemoTest.java:12)
	at com.imooc.GetDemoTest.getInfo(GetDemoTest.java:12)
	at com.imooc.GetDemoTest.getInfo(GetDemoTest.java:12)
	at com.imooc.GetDemoTest.getInfo(GetDemoTest.java:12)
	at com.imooc.GetDemoTest.getInfo(GetDemoTest.java:12)
	at com.imooc.GetDemoTest.getInfo(GetDemoTest.java:12)
	at com.imooc.GetDemoTest.getInfo(GetDemoTest.java:12)
	at com.imooc.GetDemoTest.getInfo(GetDemoTest.java:12)
	at com.imooc.GetDemoTest.getInfo(GetDemoTest.java:12)
	at com.imooc.GetDemoTest.getInfo(GetDemoTest.java:12)
	at com.imooc.GetDemoTest.getInfo(GetDemoTest.java:12)
	at com.imooc.GetDemoTest.getInfo(GetDemoTest.java:12)
	at com.imooc.GetDemoTest.getInfo(GetDemoTest.java:12)
	at com.imooc.GetDemoTest.getInfo(GetDemoTest.java:12)
	at com.imooc.GetDemoTest.getInfo(GetDemoTest.java:12)
	at com.imooc.GetDemoTest.getInfo(GetDemoTest.java:12)
	at com.imooc.GetDemoTest.getInfo(GetDemoTest.java:12)
	at com.imooc.GetDemoTest.getInfo(GetDemoTest.java:12)
	at com.imooc.GetDemoTest.getInfo(GetDemoTest.java:12)
	at com.imooc.GetDemoTest.getInfo(GetDemoTest.java:12)
	at com.imooc.GetDemoTest.getInfo(GetDemoTest.java:12)
	at com.imooc.GetDemoTest.getInfo(GetDemoTest.java:12)
	at com.imooc.GetDemoTest.getInfo(GetDemoTest.java:12)
	at com.imooc.GetDemoTest.getInfo(GetDemoTest.java:12)
	at com.imooc.GetDemoTest.getInfo(GetDemoTest.java:12)
	at com.imooc.GetDemoTest.getInfo(GetDemoTest.java:12)
	at com.imooc.GetDemoTest.getInfo(GetDemoTest.java:12)
	at com.imooc.GetDemoTest.getInfo(GetDemoTest.java:12)
	at com.imooc.GetDemoTest.getInfo(GetDemoTest.java:12)
	at com.imooc.GetDemoTest.getInfo(GetDemoTest.java:12)
	at com.imooc.GetDemoTest.getInfo(GetDemoTest.java:12)
	at com.imooc.GetDemoTest.getInfo(GetDemoTest.java:12)
	at com.imooc.GetDemoTest.getInfo(GetDemoTest.java:12)
	at com.imooc.GetDemoTest.getInfo(GetDemoTest.java:12)
	at com.imooc.GetDemoTest.getInfo(GetDemoTest.java:12)
	at com.imooc.GetDemoTest.getInfo(GetDemoTest.java:12)
	at com.imooc.GetDemoTest.getInfo(GetDemoTest.java:12)
	at com.imooc.GetDemoTest.getInfo(GetDemoTest.java:12)
	at com.imooc.GetDemoTest.getInfo(GetDemoTest.java:12)
	at com.imooc.GetDemoTest.getInfo(GetDemoTest.java:12)
	at com.imooc.GetDemoTest.getInfo(GetDemoTest.java:12)
	at com.imooc.GetDemoTest.getInfo(GetDemoTest.java:12)
	at com.imooc.GetDemoTest.getInfo(GetDemoTest.java:12)
	at com.imooc.GetDemoTest.getInfo(GetDemoTest.java:12)
	at com.imooc.GetDemoTest.getInfo(GetDemoTest.java:12)
	at com.imooc.GetDemoTest.getInfo(GetDemoTest.java:12)
	at com.imooc.GetDemoTest.getInfo(GetDemoTest.java:12)
	at com.imooc.GetDemoTest.getInfo(GetDemoTest.java:12)
	at com.imooc.GetDemoTest.getInfo(GetDemoTest.java:12)
	at com.imooc.GetDemoTest.getInfo(GetDemoTest.java:12)
	at com.imooc.GetDemoTest.getInfo(GetDemoTest.java:12)
	at com.imooc.GetDemoTest.getInfo(GetDemoTest.java:12)
	at com.imooc.GetDemoTest.getInfo(GetDemoTest.java:12)
	at com.imooc.GetDemoTest.getInfo(GetDemoTest.java:12)
	at com.imooc.GetDemoTest.getInfo(GetDemoTest.java:12)
	at com.imooc.GetDemoTest.getInfo(GetDemoTest.java:12)
	at com.imooc.GetDemoTest.getInfo(GetDemoTest.java:12)
	at com.imooc.GetDemoTest.getInfo(GetDemoTest.java:12)
	at com.imooc.GetDemoTest.getInfo(GetDemoTest.java:12)
	at com.imooc.GetDemoTest.getInfo(GetDemoTest.java:12)
	at com.imooc.GetDemoTest.getInfo(GetDemoTest.java:12)
	at com.imooc.GetDemoTest.getInfo(GetDemoTest.java:12)
	at com.imooc.GetDemoTest.getInfo(GetDemoTest.java:12)
	at com.imooc.GetDemoTest.getInfo(GetDemoTest.java:12)
	at com.imooc.GetDemoTest.getInfo(GetDemoTest.java:12)
	at com.imooc.GetDemoTest.getInfo(GetDemoTest.java:12)
	at com.imooc.GetDemoTest.getInfo(GetDemoTest.java:12)
	at com.imooc.GetDemoTest.getInfo(GetDemoTest.java:12)
	at com.imooc.GetDemoTest.getInfo(GetDemoTest.java:12)
	at com.imooc.GetDemoTest.getInfo(GetDemoTest.java:12)
	at com.imooc.GetDemoTest.getInfo(GetDemoTest.java:12)
	at com.imooc.GetDemoTest.getInfo(GetDemoTest.java:12)
	at com.imooc.GetDemoTest.getInfo(GetDemoTest.java:12)
	at com.imooc.GetDemoTest.getInfo(GetDemoTest.java:12)
	at com.imooc.GetDemoTest.getInfo(GetDemoTest.java:12)
	at com.imooc.GetDemoTest.getInfo(GetDemoTest.java:12)
	at com.imooc.GetDemoTest.getInfo(GetDemoTest.java:12)
	at com.imooc.GetDemoTest.getInfo(GetDemoTest.java:12)
	at com.imooc.GetDemoTest.getInfo(GetDemoTest.java:12)
	at com.imooc.GetDemoTest.getInfo(GetDemoTest.java:12)
	at com.imooc.GetDemoTest.getInfo(GetDemoTest.java:12)
	at com.imooc.GetDemoTest.getInfo(GetDemoTest.java:12)
	at com.imooc.GetDemoTest.getInfo(GetDemoTest.java:12)
	at com.imooc.GetDemoTest.getInfo(GetDemoTest.java:12)
	at com.imooc.GetDemoTest.getInfo(GetDemoTest.java:12)
	at com.imooc.GetDemoTest.getInfo(GetDemoTest.java:12)
	at com.imooc.GetDemoTest.getInfo(GetDemoTest.java:12)
	at com.imooc.GetDemoTest.getInfo(GetDemoTest.java:12)
	at com.imooc.GetDemoTest.getInfo(GetDemoTest.java:12)
	at com.imooc.GetDemoTest.getInfo(GetDemoTest.java:12)
	at com.imooc.GetDemoTest.getInfo(GetDemoTest.java:12)
	at com.imooc.GetDemoTest.getInfo(GetDemoTest.java:12)
	at com.imooc.GetDemoTest.getInfo(GetDemoTest.java:12)
	at com.imooc.GetDemoTest.getInfo(GetDemoTest.java:12)
	at com.imooc.GetDemoTest.getInfo(GetDemoTest.java:12)
	at com.imooc.GetDemoTest.getInfo(GetDemoTest.java:12)
	at com.imooc.GetDemoTest.getInfo(GetDemoTest.java:12)
	at com.imooc.GetDemoTest.getInfo(GetDemoTest.java:12)
	at com.imooc.GetDemoTest.getInfo(GetDemoTest.java:12)
	at com.imooc.GetDemoTest.getInfo(GetDemoTest.java:12)
	at com.imooc.GetDemoTest.getInfo(GetDemoTest.java:12)
	at com.imooc.GetDemoTest.getInfo(GetDemoTest.java:12)
	at com.imooc.GetDemoTest.getInfo(GetDemoTest.java:12)
	at com.imooc.GetDemoTest.getInfo(GetDemoTest.java:12)
	at com.imooc.GetDemoTest.getInfo(GetDemoTest.java:12)
	at com.imooc.GetDemoTest.getInfo(GetDemoTest.java:12)
	at com.imooc.GetDemoTest.getInfo(GetDemoTest.java:12)
	at com.imooc.GetDemoTest.getInfo(GetDemoTest.java:12)
	at com.imooc.GetDemoTest.getInfo(GetDemoTest.java:12)
	at com.imooc.GetDemoTest.getInfo(GetDemoTest.java:12)
	at com.imooc.GetDemoTest.getInfo(GetDemoTest.java:12)
	at com.imooc.GetDemoTest.getInfo(GetDemoTest.java:12)
	at com.imooc.GetDemoTest.getInfo(GetDemoTest.java:12)
	at com.imooc.GetDemoTest.getInfo(GetDemoTest.java:12)
	at com.imooc.GetDemoTest.getInfo(GetDemoTest.java:12)
	at com.imooc.GetDemoTest.getInfo(GetDemoTest.java:12)
	at com.imooc.GetDemoTest.getInfo(GetDemoTest.java:12)
	at com.imooc.GetDemoTest.getInfo(GetDemoTest.java:12)
	at com.imooc.GetDemoTest.getInfo(GetDemoTest.java:12)
	at com.imooc.GetDemoTest.getInfo(GetDemoTest.java:12)
	at com.imooc.GetDemoTest.getInfo(GetDemoTest.java:12)
	at com.imooc.GetDemoTest.getInfo(GetDemoTest.java:12)
	at com.imooc.GetDemoTest.getInfo(GetDemoTest.java:12)
	at com.imooc.GetDemoTest.getInfo(GetDemoTest.java:12)
	at com.imooc.GetDemoTest.getInfo(GetDemoTest.java:12)
	at com.imooc.GetDemoTest.getInfo(GetDemoTest.java:12)
	at com.imooc.GetDemoTest.getInfo(GetDemoTest.java:12)
	at com.imooc.GetDemoTest.getInfo(GetDemoTest.java:12)
	at com.imooc.GetDemoTest.getInfo(GetDemoTest.java:12)
	at com.imooc.GetDemoTest.getInfo(GetDemoTest.java:12)
	at com.imooc.GetDemoTest.getInfo(GetDemoTest.java:12)
	at com.imooc.GetDemoTest.getInfo(GetDemoTest.java:12)
	at com.imooc.GetDemoTest.getInfo(GetDemoTest.java:12)
	at com.imooc.GetDemoTest.getInfo(GetDemoTest.java:12)
	at com.imooc.GetDemoTest.getInfo(GetDemoTest.java:12)
	at com.imooc.GetDemoTest.getInfo(GetDemoTest.java:12)
	at com.imooc.GetDemoTest.getInfo(GetDemoTest.java:12)
	at com.imooc.GetDemoTest.getInfo(GetDemoTest.java:12)
	at com.imooc.GetDemoTest.getInfo(GetDemoTest.java:12)
	at com.imooc.GetDemoTest.getInfo(GetDemoTest.java:12)
	at com.imooc.GetDemoTest.getInfo(GetDemoTest.java:12)
	at com.imooc.GetDemoTest.getInfo(GetDemoTest.java:12)
	at com.imooc.GetDemoTest.getInfo(GetDemoTest.java:12)
	at com.imooc.GetDemoTest.getInfo(GetDemoTest.java:12)
	at com.imooc.GetDemoTest.getInfo(GetDemoTest.java:12)
	at com.imooc.GetDemoTest.getInfo(GetDemoTest.java:12)
	at com.imooc.GetDemoTest.getInfo(GetDemoTest.java:12)
	at com.imooc.GetDemoTest.getInfo(GetDemoTest.java:12)
	at com.imooc.GetDemoTest.getInfo(GetDemoTest.java:12)
	at com.imooc.GetDemoTest.getInfo(GetDemoTest.java:12)
	at com.imooc.GetDemoTest.getInfo(GetDemoTest.java:12)
	at com.imooc.GetDemoTest.getInfo(GetDemoTest.java:12)
	at com.imooc.GetDemoTest.getInfo(GetDemoTest.java:12)
	at com.imooc.GetDemoTest.getInfo(GetDemoTest.java:12)
	at com.imooc.GetDemoTest.getInfo(GetDemoTest.java:12)
	at com.imooc.GetDemoTest.getInfo(GetDemoTest.java:12)
	at com.imooc.GetDemoTest.getInfo(GetDemoTest.java:12)
	at com.imooc.GetDemoTest.getInfo(GetDemoTest.java:12)
	at com.imooc.GetDemoTest.getInfo(GetDemoTest.java:12)
	at com.imooc.GetDemoTest.getInfo(GetDemoTest.java:12)
	at com.imooc.GetDemoTest.getInfo(GetDemoTest.java:12)
	at com.imooc.GetDemoTest.getInfo(GetDemoTest.java:12)
	at com.imooc.GetDemoTest.getInfo(GetDemoTest.java:12)
	at com.imooc.GetDemoTest.getInfo(GetDemoTest.java:12)
	at com.imooc.GetDemoTest.getInfo(GetDemoTest.java:12)
	at com.imooc.GetDemoTest.getInfo(GetDemoTest.java:12)
	at com.imooc.GetDemoTest.getInfo(GetDemoTest.java:12)
	at com.imooc.GetDemoTest.getInfo(GetDemoTest.java:12)
	at com.imooc.GetDemoTest.getInfo(GetDemoTest.java:12)
	at com.imooc.GetDemoTest.getInfo(GetDemoTest.java:12)
	at com.imooc.GetDemoTest.getInfo(GetDemoTest.java:12)
	at com.imooc.GetDemoTest.getInfo(GetDemoTest.java:12)
	at com.imooc.GetDemoTest.getInfo(GetDemoTest.java:12)
	at com.imooc.GetDemoTest.getInfo(GetDemoTest.java:12)
	at com.imooc.GetDemoTest.getInfo(GetDemoTest.java:12)
	at com.imooc.GetDemoTest.getInfo(GetDemoTest.java:12)
	at com.imooc.GetDemoTest.getInfo(GetDemoTest.java:12)
	at com.imooc.GetDemoTest.getInfo(GetDemoTest.java:12)
	at com.imooc.GetDemoTest.getInfo(GetDemoTest.java:12)
	at com.imooc.GetDemoTest.getInfo(GetDemoTest.java:12)
	at com.imooc.GetDemoTest.getInfo(GetDemoTest.java:12)
	at com.imooc.GetDemoTest.getInfo(GetDemoTest.java:12)
	at com.imooc.GetDemoTest.getInfo(GetDemoTest.java:12)
	at com.imooc.GetDemoTest.getInfo(GetDemoTest.java:12)
	at com.imooc.GetDemoTest.getInfo(GetDemoTest.java:12)
	at com.imooc.GetDemoTest.getInfo(GetDemoTest.java:12)
	at com.imooc.GetDemoTest.getInfo(GetDemoTest.java:12)
	at com.imooc.GetDemoTest.getInfo(GetDemoTest.java:12)
	at com.imooc.GetDemoTest.getInfo(GetDemoTest.java:12)
	at com.imooc.GetDemoTest.getInfo(GetDemoTest.java:12)
	at com.imooc.GetDemoTest.getInfo(GetDemoTest.java:12)
	at com.imooc.GetDemoTest.getInfo(GetDemoTest.java:12)
	at com.imooc.GetDemoTest.getInfo(GetDemoTest.java:12)
	at com.imooc.GetDemoTest.getInfo(GetDemoTest.java:12)
	at com.imooc.GetDemoTest.getInfo(GetDemoTest.java:12)
	at com.imooc.GetDemoTest.getInfo(GetDemoTest.java:12)
	at com.imooc.GetDemoTest.getInfo(GetDemoTest.java:12)
	at com.imooc.GetDemoTest.getInfo(GetDemoTest.java:12)
	at com.imooc.GetDemoTest.getInfo(GetDemoTest.java:12)
	at com.imooc.GetDemoTest.getInfo(GetDemoTest.java:12)
	at com.imooc.GetDemoTest.getInfo(GetDemoTest.java:12)
	at com.imooc.GetDemoTest.getInfo(GetDemoTest.java:12)
	at com.imooc.GetDemoTest.getInfo(GetDemoTest.java:12)
	at com.imooc.GetDemoTest.getInfo(GetDemoTest.java:12)
	at com.imooc.GetDemoTest.getInfo(GetDemoTest.java:12)
	at com.imooc.GetDemoTest.getInfo(GetDemoTest.java:12)
	at com.imooc.GetDemoTest.getInfo(GetDemoTest.java:12)
	at com.imooc.GetDemoTest.getInfo(GetDemoTest.java:12)
	at com.imooc.GetDemoTest.getInfo(GetDemoTest.java:12)
	at com.imooc.GetDemoTest.getInfo(GetDemoTest.java:12)
	at com.imooc.GetDemoTest.getInfo(GetDemoTest.java:12)
	at com.imooc.GetDemoTest.getInfo(GetDemoTest.java:12)
	at com.imooc.GetDemoTest.getInfo(GetDemoTest.java:12)
	at com.imooc.GetDemoTest.getInfo(GetDemoTest.java:12)
	at com.imooc.GetDemoTest.getInfo(GetDemoTest.java:12)
	at com.imooc.GetDemoTest.getInfo(GetDemoTest.java:12)
	at com.imooc.GetDemoTest.getInfo(GetDemoTest.java:12)
	at com.imooc.GetDemoTest.getInfo(GetDemoTest.java:12)
	at com.imooc.GetDemoTest.getInfo(GetDemoTest.java:12)
	at com.imooc.GetDemoTest.getInfo(GetDemoTest.java:12)
	at com.imooc.GetDemoTest.getInfo(GetDemoTest.java:12)
	at com.imooc.GetDemoTest.getInfo(GetDemoTest.java:12)
	at com.imooc.GetDemoTest.getInfo(GetDemoTest.java:12)
	at com.imooc.GetDemoTest.getInfo(GetDemoTest.java:12)
	at com.imooc.GetDemoTest.getInfo(GetDemoTest.java:12)
	at com.imooc.GetDemoTest.getInfo(GetDemoTest.java:12)
	at com.imooc.GetDemoTest.getInfo(GetDemoTest.java:12)
	at com.imooc.GetDemoTest.getInfo(GetDemoTest.java:12)
	at com.imooc.GetDemoTest.getInfo(GetDemoTest.java:12)
	at com.imooc.GetDemoTest.getInfo(GetDemoTest.java:12)
	at com.imooc.GetDemoTest.getInfo(GetDemoTest.java:12)
	at com.imooc.GetDemoTest.getInfo(GetDemoTest.java:12)
	at com.imooc.GetDemoTest.getInfo(GetDemoTest.java:12)
	at com.imooc.GetDemoTest.getInfo(GetDemoTest.java:12)
	at com.imooc.GetDemoTest.getInfo(GetDemoTest.java:12)
	at com.imooc.GetDemoTest.getInfo(GetDemoTest.java:12)
	at com.imooc.GetDemoTest.getInfo(GetDemoTest.java:12)
	at com.imooc.GetDemoTest.getInfo(GetDemoTest.java:12)
	at com.imooc.GetDemoTest.getInfo(GetDemoTest.java:12)
	at com.imooc.GetDemoTest.getInfo(GetDemoTest.java:12)
	at com.imooc.GetDemoTest.getInfo(GetDemoTest.java:12)
	at com.imooc.GetDemoTest.getInfo(GetDemoTest.java:12)
	at com.imooc.GetDemoTest.getInfo(GetDemoTest.java:12)
	at com.imooc.GetDemoTest.getInfo(GetDemoTest.java:12)
	at com.imooc.GetDemoTest.getInfo(GetDemoTest.java:12)
	at com.imooc.GetDemoTest.getInfo(GetDemoTest.java:12)
	at com.imooc.GetDemoTest.getInfo(GetDemoTest.java:12)
	at com.imooc.GetDemoTest.getInfo(GetDemoTest.java:12)
	at com.imooc.GetDemoTest.getInfo(GetDemoTest.java:12)
	at com.imooc.GetDemoTest.getInfo(GetDemoTest.java:12)
	at com.imooc.GetDemoTest.getInfo(GetDemoTest.java:12)
	at com.imooc.GetDemoTest.getInfo(GetDemoTest.java:12)
	at com.imooc.GetDemoTest.getInfo(GetDemoTest.java:12)
	at com.imooc.GetDemoTest.getInfo(GetDemoTest.java:12)
	at com.imooc.GetDemoTest.getInfo(GetDemoTest.java:12)
	at com.imooc.GetDemoTest.getInfo(GetDemoTest.java:12)
	at com.imooc.GetDemoTest.getInfo(GetDemoTest.java:12)
	at com.imooc.GetDemoTest.getInfo(GetDemoTest.java:12)
	at com.imooc.GetDemoTest.getInfo(GetDemoTest.java:12)
	at com.imooc.GetDemoTest.getInfo(GetDemoTest.java:12)
	at com.imooc.GetDemoTest.getInfo(GetDemoTest.java:12)
	at com.imooc.GetDemoTest.getInfo(GetDemoTest.java:12)
	at com.imooc.GetDemoTest.getInfo(GetDemoTest.java:12)
	at com.imooc.GetDemoTest.getInfo(GetDemoTest.java:12)
	at com.imooc.GetDemoTest.getInfo(GetDemoTest.java:12)
	at com.imooc.GetDemoTest.getInfo(GetDemoTest.java:12)
	at com.imooc.GetDemoTest.getInfo(GetDemoTest.java:12)
	at com.imooc.GetDemoTest.getInfo(GetDemoTest.java:12)
	at com.imooc.GetDemoTest.getInfo(GetDemoTest.java:12)
	at com.imooc.GetDemoTest.getInfo(GetDemoTest.java:12)
	at com.imooc.GetDemoTest.getInfo(GetDemoTest.java:12)
	at com.imooc.GetDemoTest.getInfo(GetDemoTest.java:12)
	at com.imooc.GetDemoTest.getInfo(GetDemoTest.java:12)
	at com.imooc.GetDemoTest.getInfo(GetDemoTest.java:12)
	at com.imooc.GetDemoTest.getInfo(GetDemoTest.java:12)
	at com.imooc.GetDemoTest.getInfo(GetDemoTest.java:12)
	at com.imooc.GetDemoTest.getInfo(GetDemoTest.java:12)
	at com.imooc.GetDemoTest.getInfo(GetDemoTest.java:12)
	at com.imooc.GetDemoTest.getInfo(GetDemoTest.java:12)
	at com.imooc.GetDemoTest.getInfo(GetDemoTest.java:12)
	at com.imooc.GetDemoTest.getInfo(GetDemoTest.java:12)
	at com.imooc.GetDemoTest.getInfo(GetDemoTest.java:12)
	at com.imooc.GetDemoTest.getInfo(GetDemoTest.java:12)
	at com.imooc.GetDemoTest.getInfo(GetDemoTest.java:12)
	at com.imooc.GetDemoTest.getInfo(GetDemoTest.java:12)
	at com.imooc.GetDemoTest.getInfo(GetDemoTest.java:12)
	at com.imooc.GetDemoTest.getInfo(GetDemoTest.java:12)
	at com.imooc.GetDemoTest.getInfo(GetDemoTest.java:12)
	at com.imooc.GetDemoTest.getInfo(GetDemoTest.java:12)
	at com.imooc.GetDemoTest.getInfo(GetDemoTest.java:12)
	at com.imooc.GetDemoTest.getInfo(GetDemoTest.java:12)
	at com.imooc.GetDemoTest.getInfo(GetDemoTest.java:12)
	at com.imooc.GetDemoTest.getInfo(GetDemoTest.java:12)
	at com.imooc.GetDemoTest.getInfo(GetDemoTest.java:12)
	at com.imooc.GetDemoTest.getInfo(GetDemoTest.java:12)
	at com.imooc.GetDemoTest.getInfo(GetDemoTest.java:12)
	at com.imooc.GetDemoTest.getInfo(GetDemoTest.java:12)
	at com.imooc.GetDemoTest.getInfo(GetDemoTest.java:12)
	at com.imooc.GetDemoTest.getInfo(GetDemoTest.java:12)
	at com.imooc.GetDemoTest.getInfo(GetDemoTest.java:12)
	at com.imooc.GetDemoTest.getInfo(GetDemoTest.java:12)
	at com.imooc.GetDemoTest.getInfo(GetDemoTest.java:12)
	at com.imooc.GetDemoTest.getInfo(GetDemoTest.java:12)
	at com.imooc.GetDemoTest.getInfo(GetDemoTest.java:12)
	at com.imooc.GetDemoTest.getInfo(GetDemoTest.java:12)
	at com.imooc.GetDemoTest.getInfo(GetDemoTest.java:12)
	at com.imooc.GetDemoTest.getInfo(GetDemoTest.java:12)
	at com.imooc.GetDemoTest.getInfo(GetDemoTest.java:12)
	at com.imooc.GetDemoTest.getInfo(GetDemoTest.java:12)
	at com.imooc.GetDemoTest.getInfo(GetDemoTest.java:12)
	at com.imooc.GetDemoTest.getInfo(GetDemoTest.java:12)
	at com.imooc.GetDemoTest.getInfo(GetDemoTest.java:12)
	at com.imooc.GetDemoTest.getInfo(GetDemoTest.java:12)
	at com.imooc.GetDemoTest.getInfo(GetDemoTest.java:12)
	at com.imooc.GetDemoTest.getInfo(GetDemoTest.java:12)
	at com.imooc.GetDemoTest.getInfo(GetDemoTest.java:12)
	at com.imooc.GetDemoTest.getInfo(GetDemoTest.java:12)
	at com.imooc.GetDemoTest.getInfo(GetDemoTest.java:12)
	at com.imooc.GetDemoTest.getInfo(GetDemoTest.java:12)
	at com.imooc.GetDemoTest.getInfo(GetDemoTest.java:12)
	at com.imooc.GetDemoTest.getInfo(GetDemoTest.java:12)
	at com.imooc.GetDemoTest.getInfo(GetDemoTest.java:12)
	at com.imooc.GetDemoTest.getInfo(GetDemoTest.java:12)
	at com.imooc.GetDemoTest.getInfo(GetDemoTest.java:12)
	at com.imooc.GetDemoTest.getInfo(GetDemoTest.java:12)
	at com.imooc.GetDemoTest.getInfo(GetDemoTest.java:12)
	at com.imooc.GetDemoTest.getInfo(GetDemoTest.java:12)
	at com.imooc.GetDemoTest.getInfo(GetDemoTest.java:12)
	at com.imooc.GetDemoTest.getInfo(GetDemoTest.java:12)
	at com.imooc.GetDemoTest.getInfo(GetDemoTest.java:12)
	at com.imooc.GetDemoTest.getInfo(GetDemoTest.java:12)
	at com.imooc.GetDemoTest.getInfo(GetDemoTest.java:12)
	at com.imooc.GetDemoTest.getInfo(GetDemoTest.java:12)
	at com.imooc.GetDemoTest.getInfo(GetDemoTest.java:12)
	at com.imooc.GetDemoTest.getInfo(GetDemoTest.java:12)
	at com.imooc.GetDemoTest.getInfo(GetDemoTest.java:12)
	at com.imooc.GetDemoTest.getInfo(GetDemoTest.java:12)
	at com.imooc.GetDemoTest.getInfo(GetDemoTest.java:12)
	at com.imooc.GetDemoTest.getInfo(GetDemoTest.java:12)
	at com.imooc.GetDemoTest.getInfo(GetDemoTest.java:12)
	at com.imooc.GetDemoTest.getInfo(GetDemoTest.java:12)
	at com.imooc.GetDemoTest.getInfo(GetDemoTest.java:12)
	at com.imooc.GetDemoTest.getInfo(GetDemoTest.java:12)
	at com.imooc.GetDemoTest.getInfo(GetDemoTest.java:12)
	at com.imooc.GetDemoTest.getInfo(GetDemoTest.java:12)
	at com.imooc.GetDemoTest.getInfo(GetDemoTest.java:12)
	at com.imooc.GetDemoTest.getInfo(GetDemoTest.java:12)
	at com.imooc.GetDemoTest.getInfo(GetDemoTest.java:12)
	at com.imooc.GetDemoTest.getInfo(GetDemoTest.java:12)
	at com.imooc.GetDemoTest.getInfo(GetDemoTest.java:12)
	at com.imooc.GetDemoTest.getInfo(GetDemoTest.java:12)
	at com.imooc.GetDemoTest.getInfo(GetDemoTest.java:12)
	at com.imooc.GetDemoTest.getInfo(GetDemoTest.java:12)
	at com.imooc.GetDemoTest.getInfo(GetDemoTest.java:12)
	at com.imooc.GetDemoTest.getInfo(GetDemoTest.java:12)
	at com.imooc.GetDemoTest.getInfo(GetDemoTest.java:12)
	at com.imooc.GetDemoTest.getInfo(GetDemoTest.java:12)
	at com.imooc.GetDemoTest.getInfo(GetDemoTest.java:12)
	at com.imooc.GetDemoTest.getInfo(GetDemoTest.java:12)
	at com.imooc.GetDemoTest.getInfo(GetDemoTest.java:12)
	at com.imooc.GetDemoTest.getInfo(GetDemoTest.java:12)
	at com.imooc.GetDemoTest.getInfo(GetDemoTest.java:12)
	at com.imooc.GetDemoTest.getInfo(GetDemoTest.java:12)
	at com.imooc.GetDemoTest.getInfo(GetDemoTest.java:12)
	at com.imooc.GetDemoTest.getInfo(GetDemoTest.java:12)
	at com.imooc.GetDemoTest.getInfo(GetDemoTest.java:12)
	at com.imooc.GetDemoTest.getInfo(GetDemoTest.java:12)
	at com.imooc.GetDemoTest.getInfo(GetDemoTest.java:12)
	at com.imooc.GetDemoTest.getInfo(GetDemoTest.java:12)
	at com.imooc.GetDemoTest.getInfo(GetDemoTest.java:12)
	at com.imooc.GetDemoTest.getInfo(GetDemoTest.java:12)
	at com.imooc.GetDemoTest.getInfo(GetDemoTest.java:12)
	at com.imooc.GetDemoTest.getInfo(GetDemoTest.java:12)
	at com.imooc.GetDemoTest.getInfo(GetDemoTest.java:12)
	at com.imooc.GetDemoTest.getInfo(GetDemoTest.java:12)
	at com.imooc.GetDemoTest.getInfo(GetDemoTest.java:12)
	at com.imooc.GetDemoTest.getInfo(GetDemoTest.java:12)
	at com.imooc.GetDemoTest.getInfo(GetDemoTest.java:12)
	at com.imooc.GetDemoTest.getInfo(GetDemoTest.java:12)
	at com.imooc.GetDemoTest.getInfo(GetDemoTest.java:12)
	at com.imooc.GetDemoTest.getInfo(GetDemoTest.java:12)
	at com.imooc.GetDemoTest.getInfo(GetDemoTest.java:12)
	at com.imooc.GetDemoTest.getInfo(GetDemoTest.java:12)
	at com.imooc.GetDemoTest.getInfo(GetDemoTest.java:12)
	at com.imooc.GetDemoTest.getInfo(GetDemoTest.java:12)
	at com.imooc.GetDemoTest.getInfo(GetDemoTest.java:12)
	at com.imooc.GetDemoTest.getInfo(GetDemoTest.java:12)
	at com.imooc.GetDemoTest.getInfo(GetDemoTest.java:12)
	at com.imooc.GetDemoTest.getInfo(GetDemoTest.java:12)
	at com.imooc.GetDemoTest.getInfo(GetDemoTest.java:12)
	at com.imooc.GetDemoTest.getInfo(GetDemoTest.java:12)
	at com.imooc.GetDemoTest.getInfo(GetDemoTest.java:12)
	at com.imooc.GetDemoTest.getInfo(GetDemoTest.java:12)
	at com.imooc.GetDemoTest.getInfo(GetDemoTest.java:12)
	at com.imooc.GetDemoTest.getInfo(GetDemoTest.java:12)
	at com.imooc.GetDemoTest.getInfo(GetDemoTest.java:12)
	at com.imooc.GetDemoTest.getInfo(GetDemoTest.java:12)
	at com.imooc.GetDemoTest.getInfo(GetDemoTest.java:12)
	at com.imooc.GetDemoTest.getInfo(GetDemoTest.java:12)
	at com.imooc.GetDemoTest.getInfo(GetDemoTest.java:12)
	at com.imooc.GetDemoTest.getInfo(GetDemoTest.java:12)
	at com.imooc.GetDemoTest.getInfo(GetDemoTest.java:12)
	at com.imooc.GetDemoTest.getInfo(GetDemoTest.java:12)
	at com.imooc.GetDemoTest.getInfo(GetDemoTest.java:12)
	at com.imooc.GetDemoTest.getInfo(GetDemoTest.java:12)
	at com.imooc.GetDemoTest.getInfo(GetDemoTest.java:12)
	at com.imooc.GetDemoTest.getInfo(GetDemoTest.java:12)
	at com.imooc.GetDemoTest.getInfo(GetDemoTest.java:12)
	at com.imooc.GetDemoTest.getInfo(GetDemoTest.java:12)
	at com.imooc.GetDemoTest.getInfo(GetDemoTest.java:12)
	at com.imooc.GetDemoTest.getInfo(GetDemoTest.java:12)
	at com.imooc.GetDemoTest.getInfo(GetDemoTest.java:12)
	at com.imooc.GetDemoTest.getInfo(GetDemoTest.java:12)
	at com.imooc.GetDemoTest.getInfo(GetDemoTest.java:12)
	at com.imooc.GetDemoTest.getInfo(GetDemoTest.java:12)
	at com.imooc.GetDemoTest.getInfo(GetDemoTest.java:12)
	at com.imooc.GetDemoTest.getInfo(GetDemoTest.java:12)
	at com.imooc.GetDemoTest.getInfo(GetDemoTest.java:12)
	at com.imooc.GetDemoTest.getInfo(GetDemoTest.java:12)
	at com.imooc.GetDemoTest.getInfo(GetDemoTest.java:12)
	at com.imooc.GetDemoTest.getInfo(GetDemoTest.java:12)
	at com.imooc.GetDemoTest.getInfo(GetDemoTest.java:12)
	at com.imooc.GetDemoTest.getInfo(GetDemoTest.java:12)
	at com.imooc.GetDemoTest.getInfo(GetDemoTest.java:12)
	at com.imooc.GetDemoTest.getInfo(GetDemoTest.java:12)
	at com.imooc.GetDemoTest.getInfo(GetDemoTest.java:12)
	at com.imooc.GetDemoTest.getInfo(GetDemoTest.java:12)
	at com.imooc.GetDemoTest.getInfo(GetDemoTest.java:12)
	at com.imooc.GetDemoTest.getInfo(GetDemoTest.java:12)
	at com.imooc.GetDemoTest.getInfo(GetDemoTest.java:12)
	at com.imooc.GetDemoTest.getInfo(GetDemoTest.java:12)
	at com.imooc.GetDemoTest.getInfo(GetDemoTest.java:12)
	at com.imooc.GetDemoTest.getInfo(GetDemoTest.java:12)
	at com.imooc.GetDemoTest.getInfo(GetDemoTest.java:12)
	at com.imooc.GetDemoTest.getInfo(GetDemoTest.java:12)
	at com.imooc.GetDemoTest.getInfo(GetDemoTest.java:12)
	at com.imooc.GetDemoTest.getInfo(GetDemoTest.java:12)
	at com.imooc.GetDemoTest.getInfo(GetDemoTest.java:12)
	at com.imooc.GetDemoTest.getInfo(GetDemoTest.java:12)
	at com.imooc.GetDemoTest.getInfo(GetDemoTest.java:12)
	at com.imooc.GetDemoTest.getInfo(GetDemoTest.java:12)
	at com.imooc.GetDemoTest.getInfo(GetDemoTest.java:12)
	at com.imooc.GetDemoTest.getInfo(GetDemoTest.java:12)
	at com.imooc.GetDemoTest.getInfo(GetDemoTest.java:12)
	at com.imooc.GetDemoTest.getInfo(GetDemoTest.java:12)
	at com.imooc.GetDemoTest.getInfo(GetDemoTest.java:12)
	at com.imooc.GetDemoTest.getInfo(GetDemoTest.java:12)
	at com.imooc.GetDemoTest.getInfo(GetDemoTest.java:12)
	at com.imooc.GetDemoTest.getInfo(GetDemoTest.java:12)
	at com.imooc.GetDemoTest.getInfo(GetDemoTest.java:12)
	at com.imooc.GetDemoTest.getInfo(GetDemoTest.java:12)
	at com.imooc.GetDemoTest.getInfo(GetDemoTest.java:12)
	at com.imooc.GetDemoTest.getInfo(GetDemoTest.java:12)
	at com.imooc.GetDemoTest.getInfo(GetDemoTest.java:12)
	at com.imooc.GetDemoTest.getInfo(GetDemoTest.java:12)
	at com.imooc.GetDemoTest.getInfo(GetDemoTest.java:12)
	at com.imooc.GetDemoTest.getInfo(GetDemoTest.java:12)
	at com.imooc.GetDemoTest.getInfo(GetDemoTest.java:12)
	at com.imooc.GetDemoTest.getInfo(GetDemoTest.java:12)
	at com.imooc.GetDemoTest.getInfo(GetDemoTest.java:12)
	at com.imooc.GetDemoTest.getInfo(GetDemoTest.java:12)
	at com.imooc.GetDemoTest.getInfo(GetDemoTest.java:12)
	at com.imooc.GetDemoTest.getInfo(GetDemoTest.java:12)
	at com.imooc.GetDemoTest.getInfo(GetDemoTest.java:12)
	at com.imooc.GetDemoTest.getInfo(GetDemoTest.java:12)
	at com.imooc.GetDemoTest.getInfo(GetDemoTest.java:12)
	at com.imooc.GetDemoTest.getInfo(GetDemoTest.java:12)
	at com.imooc.GetDemoTest.getInfo(GetDemoTest.java:12)
	at com.imooc.GetDemoTest.getInfo(GetDemoTest.java:12)
	at com.imooc.GetDemoTest.getInfo(GetDemoTest.java:12)
	at com.imooc.GetDemoTest.getInfo(GetDemoTest.java:12)
	at com.imooc.GetDemoTest.getInfo(GetDemoTest.java:12)
	at com.imooc.GetDemoTest.getInfo(GetDemoTest.java:12)
	at com.imooc.GetDemoTest.getInfo(GetDemoTest.java:12)
	at com.imooc.GetDemoTest.getInfo(GetDemoTest.java:12)
	at com.imooc.GetDemoTest.getInfo(GetDemoTest.java:12)
	at com.imooc.GetDemoTest.getInfo(GetDemoTest.java:12)
	at com.imooc.GetDemoTest.getInfo(GetDemoTest.java:12)
	at com.imooc.GetDemoTest.getInfo(GetDemoTest.java:12)
	at com.imooc.GetDemoTest.getInfo(GetDemoTest.java:12)
	at com.imooc.GetDemoTest.getInfo(GetDemoTest.java:12)
	at com.imooc.GetDemoTest.getInfo(GetDemoTest.java:12)
	at com.imooc.GetDemoTest.getInfo(GetDemoTest.java:12)
	at com.imooc.GetDemoTest.getInfo(GetDemoTest.java:12)
	at com.imooc.GetDemoTest.getInfo(GetDemoTest.java:12)
	at com.imooc.GetDemoTest.getInfo(GetDemoTest.java:12)
	at com.imooc.GetDemoTest.getInfo(GetDemoTest.java:12)
	at com.imooc.GetDemoTest.getInfo(GetDemoTest.java:12)
	at com.imooc.GetDemoTest.getInfo(GetDemoTest.java:12)
	at com.imooc.GetDemoTest.getInfo(GetDemoTest.java:12)
	at com.imooc.GetDemoTest.getInfo(GetDemoTest.java:12)
	at com.imooc.GetDemoTest.getInfo(GetDemoTest.java:12)
	at com.imooc.GetDemoTest.getInfo(GetDemoTest.java:12)
	at com.imooc.GetDemoTest.getInfo(GetDemoTest.java:12)
	at com.imooc.GetDemoTest.getInfo(GetDemoTest.java:12)
	at com.imooc.GetDemoTest.getInfo(GetDemoTest.java:12)
	at com.imooc.GetDemoTest.getInfo(GetDemoTest.java:12)
	at com.imooc.GetDemoTest.getInfo(GetDemoTest.java:12)
	at com.imooc.GetDemoTest.getInfo(GetDemoTest.java:12)
	at com.imooc.GetDemoTest.getInfo(GetDemoTest.java:12)
	at com.imooc.GetDemoTest.getInfo(GetDemoTest.java:12)
	at com.imooc.GetDemoTest.getInfo(GetDemoTest.java:12)
	at com.imooc.GetDemoTest.getInfo(GetDemoTest.java:12)
	at com.imooc.GetDemoTest.getInfo(GetDemoTest.java:12)
	at com.imooc.GetDemoTest.getInfo(GetDemoTest.java:12)
	at com.imooc.GetDemoTest.getInfo(GetDemoTest.java:12)
	at com.imooc.GetDemoTest.getInfo(GetDemoTest.java:12)
	at com.imooc.GetDemoTest.getInfo(GetDemoTest.java:12)
	at com.imooc.GetDemoTest.getInfo(GetDemoTest.java:12)
	at com.imooc.GetDemoTest.getInfo(GetDemoTest.java:12)
	at com.imooc.GetDemoTest.getInfo(GetDemoTest.java:12)
	at com.imooc.GetDemoTest.getInfo(GetDemoTest.java:12)
	at com.imooc.GetDemoTest.getInfo(GetDemoTest.java:12)
	at com.imooc.GetDemoTest.getInfo(GetDemoTest.java:12)
	at com.imooc.GetDemoTest.getInfo(GetDemoTest.java:12)
	at com.imooc.GetDemoTest.getInfo(GetDemoTest.java:12)
	at com.imooc.GetDemoTest.getInfo(GetDemoTest.java:12)
	at com.imooc.GetDemoTest.getInfo(GetDemoTest.java:12)
	at com.imooc.GetDemoTest.getInfo(GetDemoTest.java:12)
	at com.imooc.GetDemoTest.getInfo(GetDemoTest.java:12)
	at com.imooc.GetDemoTest.getInfo(GetDemoTest.java:12)
	at com.imooc.GetDemoTest.getInfo(GetDemoTest.java:12)
	at com.imooc.GetDemoTest.getInfo(GetDemoTest.java:12)
	at com.imooc.GetDemoTest.getInfo(GetDemoTest.java:12)
	at com.imooc.GetDemoTest.getInfo(GetDemoTest.java:12)
	at com.imooc.GetDemoTest.getInfo(GetDemoTest.java:12)
	at com.imooc.GetDemoTest.getInfo(GetDemoTest.java:12)
	at com.imooc.GetDemoTest.getInfo(GetDemoTest.java:12)
	at com.imooc.GetDemoTest.getInfo(GetDemoTest.java:12)
	at com.imooc.GetDemoTest.getInfo(GetDemoTest.java:12)
	at com.imooc.GetDemoTest.getInfo(GetDemoTest.java:12)
	at com.imooc.GetDemoTest.getInfo(GetDemoTest.java:12)
	at com.imooc.GetDemoTest.getInfo(GetDemoTest.java:12)
	at com.imooc.GetDemoTest.getInfo(GetDemoTest.java:12)
	at com.imooc.GetDemoTest.getInfo(GetDemoTest.java:12)
	at com.imooc.GetDemoTest.getInfo(GetDemoTest.java:12)
	at com.imooc.GetDemoTest.getInfo(GetDemoTest.java:12)
	at com.imooc.GetDemoTest.getInfo(GetDemoTest.java:12)
	at com.imooc.GetDemoTest.getInfo(GetDemoTest.java:12)
	at com.imooc.GetDemoTest.getInfo(GetDemoTest.java:12)
	at com.imooc.GetDemoTest.getInfo(GetDemoTest.java:12)
	at com.imooc.GetDemoTest.getInfo(GetDemoTest.java:12)
	at com.imooc.GetDemoTest.getInfo(GetDemoTest.java:12)
	at com.imooc.GetDemoTest.getInfo(GetDemoTest.java:12)
	at com.imooc.GetDemoTest.getInfo(GetDemoTest.java:12)
	at com.imooc.GetDemoTest.getInfo(GetDemoTest.java:12)
	at com.imooc.GetDemoTest.getInfo(GetDemoTest.java:12)
	at com.imooc.GetDemoTest.getInfo(GetDemoTest.java:12)
	at com.imooc.GetDemoTest.getInfo(GetDemoTest.java:12)
	at com.imooc.GetDemoTest.getInfo(GetDemoTest.java:12)
	at com.imooc.GetDemoTest.getInfo(GetDemoTest.java:12)
	at com.imooc.GetDemoTest.getInfo(GetDemoTest.java:12)
	at com.imooc.GetDemoTest.getInfo(GetDemoTest.java:12)
	at com.imooc.GetDemoTest.getInfo(GetDemoTest.java:12)
	at com.imooc.GetDemoTest.getInfo(GetDemoTest.java:12)
	at com.imooc.GetDemoTest.getInfo(GetDemoTest.java:12)
	at com.imooc.GetDemoTest.getInfo(GetDemoTest.java:12)
	at com.imooc.GetDemoTest.getInfo(GetDemoTest.java:12)
	at com.imooc.GetDemoTest.getInfo(GetDemoTest.java:12)
	at com.imooc.GetDemoTest.getInfo(GetDemoTest.java:12)
	at com.imooc.GetDemoTest.getInfo(GetDemoTest.java:12)
	at com.imooc.GetDemoTest.getInfo(GetDemoTest.java:12)
	at com.imooc.GetDemoTest.getInfo(GetDemoTest.java:12)
	at com.imooc.GetDemoTest.getInfo(GetDemoTest.java:12)
	at com.imooc.GetDemoTest.getInfo(GetDemoTest.java:12)
	at com.imooc.GetDemoTest.getInfo(GetDemoTest.java:12)
	at com.imooc.GetDemoTest.getInfo(GetDemoTest.java:12)
	at com.imooc.GetDemoTest.getInfo(GetDemoTest.java:12)
	at com.imooc.GetDemoTest.getInfo(GetDemoTest.java:12)
	at com.imooc.GetDemoTest.getInfo(GetDemoTest.java:12)
	at com.imooc.GetDemoTest.getInfo(GetDemoTest.java:12)
	at com.imooc.GetDemoTest.getInfo(GetDemoTest.java:12)
	at com.imooc.GetDemoTest.getInfo(GetDemoTest.java:12)
	at com.imooc.GetDemoTest.getInfo(GetDemoTest.java:12)
	at com.imooc.GetDemoTest.getInfo(GetDemoTest.java:12)
	at com.imooc.GetDemoTest.getInfo(GetDemoTest.java:12)
	at com.imooc.GetDemoTest.getInfo(GetDemoTest.java:12)
	at com.imooc.GetDemoTest.getInfo(GetDemoTest.java:12)
	at com.imooc.GetDemoTest.getInfo(GetDemoTest.java:12)
	at com.imooc.GetDemoTest.getInfo(GetDemoTest.java:12)
	at com.imooc.GetDemoTest.getInfo(GetDemoTest.java:12)
	at com.imooc.GetDemoTest.getInfo(GetDemoTest.java:12)
	at com.imooc.GetDemoTest.getInfo(GetDemoTest.java:12)
	at com.imooc.GetDemoTest.getInfo(GetDemoTest.java:12)
	at com.imooc.GetDemoTest.getInfo(GetDemoTest.java:12)
	at com.imooc.GetDemoTest.getInfo(GetDemoTest.java:12)
	at com.imooc.GetDemoTest.getInfo(GetDemoTest.java:12)
	at com.imooc.GetDemoTest.getInfo(GetDemoTest.java:12)
	at com.imooc.GetDemoTest.getInfo(GetDemoTest.java:12)
	at com.imooc.GetDemoTest.getInfo(GetDemoTest.java:12)
	at com.imooc.GetDemoTest.getInfo(GetDemoTest.java:12)
	at com.imooc.GetDemoTest.getInfo(GetDemoTest.java:12)
	at com.imooc.GetDemoTest.getInfo(GetDemoTest.java:12)
	at com.imooc.GetDemoTest.getInfo(GetDemoTest.java:12)
	at com.imooc.GetDemoTest.getInfo(GetDemoTest.java:12)
	at com.imooc.GetDemoTest.getInfo(GetDemoTest.java:12)
	at com.imooc.GetDemoTest.getInfo(GetDemoTest.java:12)
	at com.imooc.GetDemoTest.getInfo(GetDemoTest.java:12)
	at com.imooc.GetDemoTest.getInfo(GetDemoTest.java:12)
	at com.imooc.GetDemoTest.getInfo(GetDemoTest.java:12)
	at com.imooc.GetDemoTest.getInfo(GetDemoTest.java:12)
	at com.imooc.GetDemoTest.getInfo(GetDemoTest.java:12)
	at com.imooc.GetDemoTest.getInfo(GetDemoTest.java:12)
	at com.imooc.GetDemoTest.getInfo(GetDemoTest.java:12)
	at com.imooc.GetDemoTest.getInfo(GetDemoTest.java:12)
	at com.imooc.GetDemoTest.getInfo(GetDemoTest.java:12)
	at com.imooc.GetDemoTest.getInfo(GetDemoTest.java:12)
	at com.imooc.GetDemoTest.getInfo(GetDemoTest.java:12)
	at com.imooc.GetDemoTest.getInfo(GetDemoTest.java:12)
	at com.imooc.GetDemoTest.getInfo(GetDemoTest.java:12)
	at com.imooc.GetDemoTest.getInfo(GetDemoTest.java:12)
	at com.imooc.GetDemoTest.getInfo(GetDemoTest.java:12)
	at com.imooc.GetDemoTest.getInfo(GetDemoTest.java:12)
	at com.imooc.GetDemoTest.getInfo(GetDemoTest.java:12)
	at com.imooc.GetDemoTest.getInfo(GetDemoTest.java:12)
	at com.imooc.GetDemoTest.getInfo(GetDemoTest.java:12)
	at com.imooc.GetDemoTest.getInfo(GetDemoTest.java:12)
	at com.imooc.GetDemoTest.getInfo(GetDemoTest.java:12)
	at com.imooc.GetDemoTest.getInfo(GetDemoTest.java:12)
	at com.imooc.GetDemoTest.getInfo(GetDemoTest.java:12)
	at com.imooc.GetDemoTest.getInfo(GetDemoTest.java:12)
	at com.imooc.GetDemoTest.getInfo(GetDemoTest.java:12)
	at com.imooc.GetDemoTest.getInfo(GetDemoTest.java:12)
	at com.imooc.GetDemoTest.getInfo(GetDemoTest.java:12)
	at com.imooc.GetDemoTest.getInfo(GetDemoTest.java:12)
	at com.imooc.GetDemoTest.getInfo(GetDemoTest.java:12)
	at com.imooc.GetDemoTest.getInfo(GetDemoTest.java:12)
	at com.imooc.GetDemoTest.getInfo(GetDemoTest.java:12)
	at com.imooc.GetDemoTest.getInfo(GetDemoTest.java:12)
	at com.imooc.GetDemoTest.getInfo(GetDemoTest.java:12)
	at com.imooc.GetDemoTest.getInfo(GetDemoTest.java:12)
	at com.imooc.GetDemoTest.getInfo(GetDemoTest.java:12)
	at com.imooc.GetDemoTest.getInfo(GetDemoTest.java:12)
	at com.imooc.GetDemoTest.getInfo(GetDemoTest.java:12)
	at com.imooc.GetDemoTest.getInfo(GetDemoTest.java:12)
	at com.imooc.GetDemoTest.getInfo(GetDemoTest.java:12)
	at com.imooc.GetDemoTest.getInfo(GetDemoTest.java:12)
	at com.imooc.GetDemoTest.getInfo(GetDemoTest.java:12)
	at com.imooc.GetDemoTest.getInfo(GetDemoTest.java:12)
	at com.imooc.GetDemoTest.getInfo(GetDemoTest.java:12)
	at com.imooc.GetDemoTest.getInfo(GetDemoTest.java:12)
	at com.imooc.GetDemoTest.getInfo(GetDemoTest.java:12)
	at com.imooc.GetDemoTest.getInfo(GetDemoTest.java:12)
	at com.imooc.GetDemoTest.getInfo(GetDemoTest.java:12)
	at com.imooc.GetDemoTest.getInfo(GetDemoTest.java:12)
	at com.imooc.GetDemoTest.getInfo(GetDemoTest.java:12)
	at com.imooc.GetDemoTest.getInfo(GetDemoTest.java:12)
	at com.imooc.GetDemoTest.getInfo(GetDemoTest.java:12)
	at com.imooc.GetDemoTest.getInfo(GetDemoTest.java:12)
	at com.imooc.GetDemoTest.getInfo(GetDemoTest.java:12)
	at com.imooc.GetDemoTest.getInfo(GetDemoTest.java:12)
	at com.imooc.GetDemoTest.getInfo(GetDemoTest.java:12)
	at com.imooc.GetDemoTest.getInfo(GetDemoTest.java:12)
	at com.imooc.GetDemoTest.getInfo(GetDemoTest.java:12)
	at com.imooc.GetDemoTest.getInfo(GetDemoTest.java:12)
	at com.imooc.GetDemoTest.getInfo(GetDemoTest.java:12)
	at com.imooc.GetDemoTest.getInfo(GetDemoTest.java:12)
	at com.imooc.GetDemoTest.getInfo(GetDemoTest.java:12)
	at com.imooc.GetDemoTest.getInfo(GetDemoTest.java:12)
	at com.imooc.GetDemoTest.getInfo(GetDemoTest.java:12)
	at com.imooc.GetDemoTest.getInfo(GetDemoTest.java:12)
	at com.imooc.GetDemoTest.getInfo(GetDemoTest.java:12)
	at com.imooc.GetDemoTest.getInfo(GetDemoTest.java:12)
	at com.imooc.GetDemoTest.getInfo(GetDemoTest.java:12)
	at com.imooc.GetDemoTest.getInfo(GetDemoTest.java:12)
	at com.imooc.GetDemoTest.getInfo(GetDemoTest.java:12)
	at com.imooc.GetDemoTest.getInfo(GetDemoTest.java:12)
	at com.imooc.GetDemoTest.getInfo(GetDemoTest.java:12)
	at com.imooc.GetDemoTest.getInfo(GetDemoTest.java:12)
	at com.imooc.GetDemoTest.getInfo(GetDemoTest.java:12)
	at com.imooc.GetDemoTest.getInfo(GetDemoTest.java:12)
	at com.imooc.GetDemoTest.getInfo(GetDemoTest.java:12)
	at com.imooc.GetDemoTest.getInfo(GetDemoTest.java:12)
	at com.imooc.GetDemoTest.getInfo(GetDemoTest.java:12)
	at com.imooc.GetDemoTest.getInfo(GetDemoTest.java:12)
	at com.imooc.GetDemoTest.getInfo(GetDemoTest.java:12)
</error>
  </testcase>
</testsuite>