<?xml version="1.0" encoding="UTF-8"?>
<!-- Generated by org.testng.reporters.JUnitReportReporter -->
<testsuite skipped="0" hostname="LAPTOP-5VPLT75S" name="com.cases.GetTest" tests="5" failures="0" timestamp="2020-08-10T15:50:42 GST" time="0.073" errors="0">
  <testcase name="test02" time="0.005" classname="com.cases.GetTest"/>
  <system-out/>
  <testcase name="getCookies" time="0.027" classname="com.cases.GetTest"/>
  <system-out/>
  <testcase name="setCookies" time="0.002" classname="com.cases.GetTest"/>
  <system-out/>
  <testcase name="test" time="0.034" classname="com.cases.GetTest"/>
  <system-out/>
  <testcase name="test01" time="0.005" classname="com.cases.GetTest"/>
  <system-out/>
</testsuite> <!-- com.cases.GetTest -->
